2025/06/28 17:06:01 [notice] 1#1: using the "epoll" event method
2025/06/28 17:06:01 [notice] 1#1: nginx/1.26.3
2025/06/28 17:06:01 [notice] 1#1: built by gcc 12.2.0 (Debian 12.2.0-14) 
2025/06/28 17:06:01 [notice] 1#1: OS: Linux 5.15.167.4-microsoft-standard-WSL2
2025/06/28 17:06:01 [notice] 1#1: getrlimit(RLIMIT_NOFILE): 1048576:1048576
2025/06/28 17:06:01 [notice] 1#1: start worker processes
2025/06/28 17:06:01 [notice] 1#1: start worker process 7
2025/06/28 17:06:01 [notice] 1#1: start worker process 8
2025/06/28 17:06:01 [notice] 1#1: start worker process 9
2025/06/28 17:06:01 [notice] 1#1: start worker process 10
2025/06/28 17:06:01 [notice] 1#1: start worker process 11
2025/06/28 17:06:01 [notice] 1#1: start worker process 12
2025/06/28 17:06:01 [notice] 1#1: start worker process 13
2025/06/28 17:06:01 [notice] 1#1: start worker process 14
2025/06/28 18:03:31 [notice] 1#1: signal 3 (SIGQUIT) received, shutting down
2025/06/28 18:03:31 [notice] 8#8: gracefully shutting down
2025/06/28 18:03:31 [notice] 11#11: gracefully shutting down
2025/06/28 18:03:31 [notice] 7#7: gracefully shutting down
2025/06/28 18:03:31 [notice] 9#9: gracefully shutting down
2025/06/28 18:03:31 [notice] 10#10: gracefully shutting down
2025/06/28 18:03:31 [notice] 12#12: gracefully shutting down
2025/06/28 18:03:31 [notice] 14#14: gracefully shutting down
2025/06/28 18:03:31 [notice] 13#13: gracefully shutting down
2025/06/28 18:03:31 [notice] 8#8: exiting
2025/06/28 18:03:31 [notice] 11#11: exiting
2025/06/28 18:03:31 [notice] 7#7: exiting
2025/06/28 18:03:31 [notice] 9#9: exiting
2025/06/28 18:03:31 [notice] 14#14: exiting
2025/06/28 18:03:31 [notice] 10#10: exiting
2025/06/28 18:03:31 [notice] 12#12: exiting
2025/06/28 18:03:31 [notice] 8#8: exit
2025/06/28 18:03:31 [notice] 13#13: exiting
2025/06/28 18:03:31 [notice] 11#11: exit
2025/06/28 18:03:31 [notice] 7#7: exit
2025/06/28 18:03:31 [notice] 9#9: exit
2025/06/28 18:03:31 [notice] 14#14: exit
2025/06/28 18:03:31 [notice] 10#10: exit
2025/06/28 18:03:31 [notice] 12#12: exit
2025/06/28 18:03:31 [notice] 13#13: exit
2025/06/28 18:03:31 [notice] 1#1: signal 17 (SIGCHLD) received from 13
2025/06/28 18:03:31 [notice] 1#1: worker process 7 exited with code 0
2025/06/28 18:03:31 [notice] 1#1: worker process 8 exited with code 0
2025/06/28 18:03:31 [notice] 1#1: worker process 9 exited with code 0
2025/06/28 18:03:31 [notice] 1#1: worker process 10 exited with code 0
2025/06/28 18:03:31 [notice] 1#1: worker process 11 exited with code 0
2025/06/28 18:03:31 [notice] 1#1: worker process 12 exited with code 0
2025/06/28 18:03:31 [notice] 1#1: worker process 13 exited with code 0
2025/06/28 18:03:31 [notice] 1#1: worker process 14 exited with code 0
2025/06/28 18:03:31 [notice] 1#1: exit
2025/06/28 18:03:44 [notice] 1#1: using the "epoll" event method
2025/06/28 18:03:44 [notice] 1#1: nginx/1.26.3
2025/06/28 18:03:44 [notice] 1#1: built by gcc 12.2.0 (Debian 12.2.0-14) 
2025/06/28 18:03:44 [notice] 1#1: OS: Linux 5.15.167.4-microsoft-standard-WSL2
2025/06/28 18:03:44 [notice] 1#1: getrlimit(RLIMIT_NOFILE): 1048576:1048576
2025/06/28 18:03:44 [notice] 1#1: start worker processes
2025/06/28 18:03:44 [notice] 1#1: start worker process 7
2025/06/28 18:03:44 [notice] 1#1: start worker process 8
2025/06/28 18:03:44 [notice] 1#1: start worker process 9
2025/06/28 18:03:44 [notice] 1#1: start worker process 10
2025/06/28 18:03:44 [notice] 1#1: start worker process 11
2025/06/28 18:03:44 [notice] 1#1: start worker process 12
2025/06/28 18:03:44 [notice] 1#1: start worker process 13
2025/06/28 18:03:44 [notice] 1#1: start worker process 14
2025/06/28 18:05:48 [notice] 1#1: signal 3 (SIGQUIT) received, shutting down
2025/06/28 18:05:48 [notice] 8#8: gracefully shutting down
2025/06/28 18:05:48 [notice] 7#7: gracefully shutting down
2025/06/28 18:05:48 [notice] 12#12: gracefully shutting down
2025/06/28 18:05:48 [notice] 10#10: gracefully shutting down
2025/06/28 18:05:48 [notice] 14#14: gracefully shutting down
2025/06/28 18:05:48 [notice] 9#9: gracefully shutting down
2025/06/28 18:05:48 [notice] 11#11: gracefully shutting down
2025/06/28 18:05:48 [notice] 13#13: gracefully shutting down
2025/06/28 18:05:48 [notice] 8#8: exiting
2025/06/28 18:05:48 [notice] 7#7: exiting
2025/06/28 18:05:48 [notice] 12#12: exiting
2025/06/28 18:05:48 [notice] 10#10: exiting
2025/06/28 18:05:48 [notice] 14#14: exiting
2025/06/28 18:05:48 [notice] 9#9: exiting
2025/06/28 18:05:48 [notice] 11#11: exiting
2025/06/28 18:05:48 [notice] 13#13: exiting
2025/06/28 18:05:48 [notice] 8#8: exit
2025/06/28 18:05:48 [notice] 7#7: exit
2025/06/28 18:05:48 [notice] 12#12: exit
2025/06/28 18:05:48 [notice] 10#10: exit
2025/06/28 18:05:48 [notice] 14#14: exit
2025/06/28 18:05:48 [notice] 9#9: exit
2025/06/28 18:05:48 [notice] 11#11: exit
2025/06/28 18:05:48 [notice] 13#13: exit
2025/06/28 18:05:48 [notice] 1#1: signal 17 (SIGCHLD) received from 8
2025/06/28 18:05:48 [notice] 1#1: worker process 8 exited with code 0
2025/06/28 18:05:48 [notice] 1#1: worker process 9 exited with code 0
2025/06/28 18:05:48 [notice] 1#1: signal 29 (SIGIO) received
2025/06/28 18:05:48 [notice] 1#1: signal 17 (SIGCHLD) received from 12
2025/06/28 18:05:48 [notice] 1#1: worker process 7 exited with code 0
2025/06/28 18:05:48 [notice] 1#1: worker process 10 exited with code 0
2025/06/28 18:05:48 [notice] 1#1: worker process 11 exited with code 0
2025/06/28 18:05:48 [notice] 1#1: worker process 12 exited with code 0
2025/06/28 18:05:48 [notice] 1#1: worker process 13 exited with code 0
2025/06/28 18:05:48 [notice] 1#1: worker process 14 exited with code 0
2025/06/28 18:05:48 [notice] 1#1: exit
2025/06/28 19:12:17 [notice] 1#1: using the "epoll" event method
2025/06/28 19:12:17 [notice] 1#1: nginx/1.26.3
2025/06/28 19:12:17 [notice] 1#1: built by gcc 12.2.0 (Debian 12.2.0-14) 
2025/06/28 19:12:17 [notice] 1#1: OS: Linux 5.15.167.4-microsoft-standard-WSL2
2025/06/28 19:12:17 [notice] 1#1: getrlimit(RLIMIT_NOFILE): 1048576:1048576
2025/06/28 19:12:17 [notice] 1#1: start worker processes
2025/06/28 19:12:17 [notice] 1#1: start worker process 7
2025/06/28 19:12:17 [notice] 1#1: start worker process 8
2025/06/28 19:12:17 [notice] 1#1: start worker process 9
2025/06/28 19:12:17 [notice] 1#1: start worker process 10
2025/06/28 19:12:17 [notice] 1#1: start worker process 11
2025/06/28 19:12:17 [notice] 1#1: start worker process 12
2025/06/28 19:12:17 [notice] 1#1: start worker process 13
2025/06/28 19:12:17 [notice] 1#1: start worker process 14
2025/06/28 19:21:16 [notice] 1#1: signal 3 (SIGQUIT) received, shutting down
2025/06/28 19:21:16 [notice] 10#10: gracefully shutting down
2025/06/28 19:21:16 [notice] 7#7: gracefully shutting down
2025/06/28 19:21:16 [notice] 8#8: gracefully shutting down
2025/06/28 19:21:16 [notice] 9#9: gracefully shutting down
2025/06/28 19:21:16 [notice] 12#12: gracefully shutting down
2025/06/28 19:21:16 [notice] 11#11: gracefully shutting down
2025/06/28 19:21:16 [notice] 13#13: gracefully shutting down
2025/06/28 19:21:16 [notice] 14#14: gracefully shutting down
2025/06/28 19:21:16 [notice] 10#10: exiting
2025/06/28 19:21:16 [notice] 7#7: exiting
2025/06/28 19:21:16 [notice] 8#8: exiting
2025/06/28 19:21:16 [notice] 9#9: exiting
2025/06/28 19:21:16 [notice] 12#12: exiting
2025/06/28 19:21:16 [notice] 11#11: exiting
2025/06/28 19:21:16 [notice] 13#13: exiting
2025/06/28 19:21:16 [notice] 14#14: exiting
2025/06/28 19:21:16 [notice] 10#10: exit
2025/06/28 19:21:16 [notice] 7#7: exit
2025/06/28 19:21:16 [notice] 8#8: exit
2025/06/28 19:21:16 [notice] 9#9: exit
2025/06/28 19:21:16 [notice] 12#12: exit
2025/06/28 19:21:16 [notice] 11#11: exit
2025/06/28 19:21:16 [notice] 13#13: exit
2025/06/28 19:21:16 [notice] 14#14: exit
2025/06/28 19:21:16 [notice] 1#1: signal 17 (SIGCHLD) received from 11
2025/06/28 19:21:16 [notice] 1#1: worker process 7 exited with code 0
2025/06/28 19:21:16 [notice] 1#1: worker process 10 exited with code 0
2025/06/28 19:21:16 [notice] 1#1: worker process 11 exited with code 0
2025/06/28 19:21:16 [notice] 1#1: worker process 12 exited with code 0
2025/06/28 19:21:16 [notice] 1#1: worker process 13 exited with code 0
2025/06/28 19:21:16 [notice] 1#1: worker process 14 exited with code 0
2025/06/28 19:21:16 [notice] 1#1: signal 29 (SIGIO) received
2025/06/28 19:21:16 [notice] 1#1: signal 17 (SIGCHLD) received from 7
2025/06/28 19:21:16 [notice] 1#1: signal 17 (SIGCHLD) received from 9
2025/06/28 19:21:16 [notice] 1#1: worker process 9 exited with code 0
2025/06/28 19:21:16 [notice] 1#1: signal 29 (SIGIO) received
2025/06/28 19:21:16 [notice] 1#1: signal 17 (SIGCHLD) received from 8
2025/06/28 19:21:16 [notice] 1#1: worker process 8 exited with code 0
2025/06/28 19:21:16 [notice] 1#1: exit
2025/06/28 19:29:05 [notice] 1#1: using the "epoll" event method
2025/06/28 19:29:05 [notice] 1#1: nginx/1.26.3
2025/06/28 19:29:05 [notice] 1#1: built by gcc 12.2.0 (Debian 12.2.0-14) 
2025/06/28 19:29:05 [notice] 1#1: OS: Linux 5.15.167.4-microsoft-standard-WSL2
2025/06/28 19:29:05 [notice] 1#1: getrlimit(RLIMIT_NOFILE): 1048576:1048576
